Using pre-set license

 COMMAND LINE ARGUMENTS:
/Applications/Unity/Hub/Editor/2020.3.15f2/Unity.app/Contents/MacOS/Unity
-adb2
-batchMode
-noUpm
-name
AssetImportWorker0
-projectPath
/Users/omellen2269/Desktop/GitHub/CubeClimber/CubeClimber
-logFile
Logs/AssetImportWorker0.log
-srvPort
51619
Successfully changed project path to: /Users/omellen2269/Desktop/GitHub/CubeClimber/CubeClimber
/Users/omellen2269/Desktop/GitHub/CubeClimber/CubeClimber
Using Asset Import Pipeline V2.
Refreshing native plugins compatible for Editor in 76.74 ms, found 2 plugins.
Preloading 0 native plugins for Editor in 0.00 ms.
Initialize engine version: 2020.3.15f2 (6cf78cb77498)
[Subsystems] Discovering subsystems at path /Applications/Unity/Hub/Editor/2020.3.15f2/Unity.app/Contents/Resources/UnitySubsystems
[Subsystems] Discovering subsystems at path /Users/omellen2269/Desktop/GitHub/CubeClimber/CubeClimber/Assets
GfxDevice: creating device client; threaded=0
2021-10-01 12:23:34.015 Unity[14150:108391] Color LCD preferred device: Intel(R) UHD Graphics 617 (low power)
2021-10-01 12:23:34.015 Unity[14150:108391] Metal devices available: 1
2021-10-01 12:23:34.015 Unity[14150:108391] 0: Intel(R) UHD Graphics 617 (low power)
2021-10-01 12:23:34.016 Unity[14150:108391] Using device Intel(R) UHD Graphics 617 (low power)
Initializing Metal device caps: Intel(R) UHD Graphics 617
Initialize mono
Mono path[0] = '/Applications/Unity/Hub/Editor/2020.3.15f2/Unity.app/Contents/Managed'
Mono path[1] = '/Applications/Unity/Hub/Editor/2020.3.15f2/Unity.app/Contents/MonoBleedingEdge/lib/mono/unityjit'
Mono config path = '/Applications/Unity/Hub/Editor/2020.3.15f2/Unity.app/Contents/MonoBleedingEdge/etc'
Using monoOptions --debugger-agent=transport=dt_socket,embedding=1,server=y,suspend=n,address=127.0.0.1:56150
Begin MonoManager ReloadAssembly
Error scanning for extension ivy.xml files: System.UnauthorizedAccessException: Access to the path '/Applications/Unity/Hub/Editor/2020.3.15f2/PlaybackEngines/WebGLSupport/BuildTools/Emscripten_Mac/node' is denied.
  at System.IO.__Error.WinIOError (System.Int32 errorCode, System.String maybeFullPath) [0x00129] in <695d1cc93cca45069c528c15c9fdd749>:0 
  at System.IO.FileSystemEnumerableIterator`1[TSource].HandleError (System.Int32 hr, System.String path) [0x00006] in <695d1cc93cca45069c528c15c9fdd749>:0 
  at System.IO.FileSystemEnumerableIterator`1[TSource].AddSearchableDirsToStack (System.IO.Directory+SearchData localSearchData) [0x00053] in <695d1cc93cca45069c528c15c9fdd749>:0 
  at System.IO.FileSystemEnumerableIterator`1[TSource].MoveNext () [0x0008e] in <695d1cc93cca45069c528c15c9fdd749>:0 
  at System.Collections.Generic.List`1[T]..ctor (System.Collections.Generic.IEnumerable`1[T] collection) [0x00077] in <695d1cc93cca45069c528c15c9fdd749>:0 
  at System.IO.Directory.InternalGetFileDirectoryNames (System.String path, System.String userPathOriginal, System.String searchPattern, System.Boolean includeFiles, System.Boolean includeDirs, System.IO.SearchOption searchOption, System.Boolean checkHost) [0x0000f] in <695d1cc93cca45069c528c15c9fdd749>:0 
  at System.IO.Directory.InternalGetFiles (System.String path, System.String searchPattern, System.IO.SearchOption searchOption) [0x00000] in <695d1cc93cca45069c528c15c9fdd749>:0 
  at System.IO.Directory.GetFiles (System.String path, System.String searchPattern, System.IO.SearchOption searchOption) [0x00038] in <695d1cc93cca45069c528c15c9fdd749>:0 
  at UnityEditor.Modules.ModuleManager.LoadLegacyExtensionsFromIvyFiles () [0x000a5] in /Users/bokken/buildslave/unity/build/Editor/Mono/Modules/ModuleManager.cs:253 
Registering precompiled unity dll's ...
Register platform support module: /Applications/Unity/Hub/Editor/2020.3.15f2/PlaybackEngines/WebGLSupport/UnityEditor.WebGL.Extensions.dll
Register platform support module: /Applications/Unity/Hub/Editor/2020.3.15f2/Unity.app/Contents/PlaybackEngines/MacStandaloneSupport/UnityEditor.OSXStandalone.Extensions.dll
Registered in 0.001876 seconds.
Native extension for OSXStandalone target not found
Native extension for WebGL target not found
Refreshing native plugins compatible for Editor in 75.81 ms, found 2 plugins.
Preloading 0 native plugins for Editor in 0.00 ms.
Mono: successfully reloaded assembly
- Completed reload, in  6.151 seconds
Domain Reload Profiling:
	ReloadAssembly (6151ms)
		BeginReloadAssembly (150ms)
			ExecutionOrderSort (0ms)
			DisableScriptedObjects (0ms)
			BackupInstance (0ms)
			ReleaseScriptingObjects (0ms)
			CreateAndSetChildDomain (3ms)
		EndReloadAssembly (1255ms)
			LoadAssemblies (147ms)
			RebuildTransferFunctionScriptingTraits (0ms)
			SetupTypeCache (514ms)
			ReleaseScriptCaches (0ms)
			RebuildScriptCaches (112ms)
			SetupLoadedEditorAssemblies (431ms)
				LogAssemblyErrors (0ms)
				InitializePlatformSupportModulesInManaged (12ms)
				SetLoadedEditorAssemblies (1ms)
				RefreshPlugins (76ms)
				BeforeProcessingInitializeOnLoad (23ms)
				ProcessInitializeOnLoadAttributes (267ms)
				ProcessInitializeOnLoadMethodAttributes (51ms)
				AfterProcessingInitializeOnLoad (0ms)
				EditorAssembliesLoaded (1ms)
			ExecutionOrderSort2 (0ms)
			AwakeInstancesAfterBackupRestoration (0ms)
Platform modules already initialized, skipping
Registering precompiled user dll's ...
Registered in 0.004421 seconds.
Begin MonoManager ReloadAssembly
Native extension for OSXStandalone target not found
Native extension for WebGL target not found
Refreshing native plugins compatible for Editor in 0.52 ms, found 2 plugins.
Preloading 0 native plugins for Editor in 0.00 ms.
Mono: successfully reloaded assembly
- Completed reload, in  1.987 seconds
Domain Reload Profiling:
	ReloadAssembly (1989ms)
		BeginReloadAssembly (290ms)
			ExecutionOrderSort (0ms)
			DisableScriptedObjects (9ms)
			BackupInstance (0ms)
			ReleaseScriptingObjects (0ms)
			CreateAndSetChildDomain (62ms)
		EndReloadAssembly (1578ms)
			LoadAssemblies (145ms)
			RebuildTransferFunctionScriptingTraits (0ms)
			SetupTypeCache (557ms)
			ReleaseScriptCaches (0ms)
			RebuildScriptCaches (94ms)
			SetupLoadedEditorAssemblies (622ms)
				LogAssemblyErrors (0ms)
				InitializePlatformSupportModulesInManaged (10ms)
				SetLoadedEditorAssemblies (1ms)
				RefreshPlugins (1ms)
				BeforeProcessingInitializeOnLoad (113ms)
				ProcessInitializeOnLoadAttributes (488ms)
				ProcessInitializeOnLoadMethodAttributes (7ms)
				AfterProcessingInitializeOnLoad (2ms)
				EditorAssembliesLoaded (0ms)
			ExecutionOrderSort2 (0ms)
			AwakeInstancesAfterBackupRestoration (12ms)
Platform modules already initialized, skipping
========================================================================
Worker process is ready to serve import requests
Launching external process: /Applications/Unity/Hub/Editor/2020.3.15f2/Unity.app/Contents/Tools/UnityShaderCompiler
Launched and connected shader compiler UnityShaderCompiler after 0.02 seconds
Refreshing native plugins compatible for Editor in 0.46 ms, found 2 plugins.
Preloading 0 native plugins for Editor in 0.00 ms.
Unloading 1446 Unused Serialized files (Serialized files now loaded: 0)
System memory in use before: 140.3 MB.
System memory in use after: 140.4 MB.

Unloading 19 unused Assets to reduce memory usage. Loaded Objects now: 1880.
Total: 4.023271 ms (FindLiveObjects: 0.230425 ms CreateObjectMapping: 0.066156 ms MarkObjects: 3.545102 ms  DeleteObjects: 0.179590 ms)

AssetImportParameters requested are different than current active one (requested -> active):
  custom:video-decoder-ogg-theora: a1e56fd34408186e4bbccfd4996cb3dc -> 
  custom:container-muxer-webm: aa71ff27fc2769a1b78a27578f13a17b -> 
  custom:container-demuxer-webm: 4f35f7cbe854078d1ac9338744f61a02 -> 
  custom:container-demuxer-ogg: 62fdf1f143b41e24485cea50d1cbac27 -> 
  custom:video-encoder-webm-vp8: eb34c28f22e8b96e1ab97ce403110664 -> 
  custom:framework-osx-AVFoundation: e770b220cccbd017edd2c1fefb359320 -> 
  custom:video-decoder-webm-vp8: 9c59270c3fd7afecdb556c50c9e8de78 -> 
  custom:audio-decoder-ogg-vorbis: bf7c407c2cedff20999df2af8eb42d56 -> 
  custom:audio-encoder-webm-vorbis: bf7c407c2cedff20999df2af8eb42d56 -> 
========================================================================
Received Import Request.
  path: Assets/endscreen.cs
  artifactKey: Guid(737400208b734480aafff73f05295b5f) Importer(815301076,1909f56bfc062723c751e8b465ee728b)
Start importing Assets/endscreen.cs using Guid(737400208b734480aafff73f05295b5f) Importer(815301076,1909f56bfc062723c751e8b465ee728b)  -> (artifact id: '00000000000000000000000000000000') in 3.353094 seconds  code(4) message(Build asset version error: assets/endscreen.cs in SourceAssetDB has modification time of '2021-10-01T17:23:30Z' while content on disk has modification time of '2021-10-01T17:23:44Z')
  ERROR: Build asset version error: assets/endscreen.cs in SourceAssetDB has modification time of '2021-10-01T17:23:30Z' while content on disk has modification time of '2021-10-01T17:23:44Z'
  Import took 3.356871 seconds .

========================================================================
Received Import Request.
  Time since last request: 0.071847 seconds.
  path: Assets/endscreen.cs
  artifactKey: Guid(737400208b734480aafff73f05295b5f) Importer(815301076,1909f56bfc062723c751e8b465ee728b)
Start importing Assets/endscreen.cs using Guid(737400208b734480aafff73f05295b5f) Importer(815301076,1909f56bfc062723c751e8b465ee728b)  -> (artifact id: '00000000000000000000000000000000') in 0.006635 seconds  code(4) message(Build asset version error: assets/endscreen.cs in SourceAssetDB has modification time of '2021-10-01T17:23:30Z' while content on disk has modification time of '2021-10-01T17:23:44Z')
  ERROR: Build asset version error: assets/endscreen.cs in SourceAssetDB has modification time of '2021-10-01T17:23:30Z' while content on disk has modification time of '2021-10-01T17:23:44Z'
  Import took 0.010698 seconds .

========================================================================
Received Import Request.
  Time since last request: 0.085561 seconds.
  path: Assets/endscreen.cs
  artifactKey: Guid(737400208b734480aafff73f05295b5f) Importer(815301076,1909f56bfc062723c751e8b465ee728b)
Start importing Assets/endscreen.cs using Guid(737400208b734480aafff73f05295b5f) Importer(815301076,1909f56bfc062723c751e8b465ee728b)  -> (artifact id: '00000000000000000000000000000000') in 0.004611 seconds  code(4) message(Build asset version error: assets/endscreen.cs in SourceAssetDB has modification time of '2021-10-01T17:23:30Z' while content on disk has modification time of '2021-10-01T17:23:44Z')
  ERROR: Build asset version error: assets/endscreen.cs in SourceAssetDB has modification time of '2021-10-01T17:23:30Z' while content on disk has modification time of '2021-10-01T17:23:44Z'
  Import took 0.009117 seconds .

========================================================================
Received Import Request.
  Time since last request: 1.205106 seconds.
  path: Assets/endscreen.cs
  artifactKey: Guid(737400208b734480aafff73f05295b5f) Importer(815301076,1909f56bfc062723c751e8b465ee728b)
Start importing Assets/endscreen.cs using Guid(737400208b734480aafff73f05295b5f) Importer(815301076,1909f56bfc062723c751e8b465ee728b)  -> (artifact id: '00000000000000000000000000000000') in 0.005915 seconds  code(4) message(Build asset version error: assets/endscreen.cs in SourceAssetDB has modification time of '2021-10-01T17:23:30Z' while content on disk has modification time of '2021-10-01T17:23:44Z')
  ERROR: Build asset version error: assets/endscreen.cs in SourceAssetDB has modification time of '2021-10-01T17:23:30Z' while content on disk has modification time of '2021-10-01T17:23:44Z'
  Import took 0.010995 seconds .

========================================================================
Received Import Request.
  Time since last request: 0.226429 seconds.
  path: Assets/endscreen.cs
  artifactKey: Guid(737400208b734480aafff73f05295b5f) Importer(815301076,1909f56bfc062723c751e8b465ee728b)
Start importing Assets/endscreen.cs using Guid(737400208b734480aafff73f05295b5f) Importer(815301076,1909f56bfc062723c751e8b465ee728b)  -> (artifact id: '00000000000000000000000000000000') in 0.005320 seconds  code(4) message(Build asset version error: assets/endscreen.cs in SourceAssetDB has modification time of '2021-10-01T17:23:30Z' while content on disk has modification time of '2021-10-01T17:23:44Z')
  ERROR: Build asset version error: assets/endscreen.cs in SourceAssetDB has modification time of '2021-10-01T17:23:30Z' while content on disk has modification time of '2021-10-01T17:23:44Z'
  Import took 0.009460 seconds .

========================================================================
Received Import Request.
  Time since last request: 0.283857 seconds.
  path: Assets/endscreen.cs
  artifactKey: Guid(737400208b734480aafff73f05295b5f) Importer(815301076,1909f56bfc062723c751e8b465ee728b)
Start importing Assets/endscreen.cs using Guid(737400208b734480aafff73f05295b5f) Importer(815301076,1909f56bfc062723c751e8b465ee728b)  -> (artifact id: '00000000000000000000000000000000') in 0.005121 seconds  code(4) message(Build asset version error: assets/endscreen.cs in SourceAssetDB has modification time of '2021-10-01T17:23:30Z' while content on disk has modification time of '2021-10-01T17:23:44Z')
  ERROR: Build asset version error: assets/endscreen.cs in SourceAssetDB has modification time of '2021-10-01T17:23:30Z' while content on disk has modification time of '2021-10-01T17:23:44Z'
  Import took 0.018997 seconds .

========================================================================
Received Import Request.
  Time since last request: 0.211427 seconds.
  path: Assets/endscreen.cs
  artifactKey: Guid(737400208b734480aafff73f05295b5f) Importer(815301076,1909f56bfc062723c751e8b465ee728b)
Start importing Assets/endscreen.cs using Guid(737400208b734480aafff73f05295b5f) Importer(815301076,1909f56bfc062723c751e8b465ee728b)  -> (artifact id: '00000000000000000000000000000000') in 0.006132 seconds  code(4) message(Build asset version error: assets/endscreen.cs in SourceAssetDB has modification time of '2021-10-01T17:23:30Z' while content on disk has modification time of '2021-10-01T17:23:44Z')
  ERROR: Build asset version error: assets/endscreen.cs in SourceAssetDB has modification time of '2021-10-01T17:23:30Z' while content on disk has modification time of '2021-10-01T17:23:44Z'
  Import took 0.013368 seconds .

========================================================================
Received Import Request.
  Time since last request: 0.258814 seconds.
  path: Assets/endscreen.cs
  artifactKey: Guid(737400208b734480aafff73f05295b5f) Importer(815301076,1909f56bfc062723c751e8b465ee728b)
Start importing Assets/endscreen.cs using Guid(737400208b734480aafff73f05295b5f) Importer(815301076,1909f56bfc062723c751e8b465ee728b)  -> (artifact id: '00000000000000000000000000000000') in 0.006474 seconds  code(4) message(Build asset version error: assets/endscreen.cs in SourceAssetDB has modification time of '2021-10-01T17:23:30Z' while content on disk has modification time of '2021-10-01T17:23:44Z')
  ERROR: Build asset version error: assets/endscreen.cs in SourceAssetDB has modification time of '2021-10-01T17:23:30Z' while content on disk has modification time of '2021-10-01T17:23:44Z'
  Import took 0.011476 seconds .

========================================================================
Received Import Request.
  Time since last request: 0.181805 seconds.
  path: Assets/endscreen.cs
  artifactKey: Guid(737400208b734480aafff73f05295b5f) Importer(815301076,1909f56bfc062723c751e8b465ee728b)
Start importing Assets/endscreen.cs using Guid(737400208b734480aafff73f05295b5f) Importer(815301076,1909f56bfc062723c751e8b465ee728b)  -> (artifact id: '00000000000000000000000000000000') in 0.006110 seconds  code(4) message(Build asset version error: assets/endscreen.cs in SourceAssetDB has modification time of '2021-10-01T17:23:30Z' while content on disk has modification time of '2021-10-01T17:23:44Z')
  ERROR: Build asset version error: assets/endscreen.cs in SourceAssetDB has modification time of '2021-10-01T17:23:30Z' while content on disk has modification time of '2021-10-01T17:23:44Z'
  Import took 0.011260 seconds .

========================================================================
Received Import Request.
  Time since last request: 0.162395 seconds.
  path: Assets/endscreen.cs
  artifactKey: Guid(737400208b734480aafff73f05295b5f) Importer(815301076,1909f56bfc062723c751e8b465ee728b)
Start importing Assets/endscreen.cs using Guid(737400208b734480aafff73f05295b5f) Importer(815301076,1909f56bfc062723c751e8b465ee728b)  -> (artifact id: '00000000000000000000000000000000') in 0.008225 seconds  code(4) message(Build asset version error: assets/endscreen.cs in SourceAssetDB has modification time of '2021-10-01T17:23:30Z' while content on disk has modification time of '2021-10-01T17:23:44Z')
  ERROR: Build asset version error: assets/endscreen.cs in SourceAssetDB has modification time of '2021-10-01T17:23:30Z' while content on disk has modification time of '2021-10-01T17:23:44Z'
  Import took 0.015778 seconds .

========================================================================
Received Import Request.
  Time since last request: 0.182780 seconds.
  path: Assets/endscreen.cs
  artifactKey: Guid(737400208b734480aafff73f05295b5f) Importer(815301076,1909f56bfc062723c751e8b465ee728b)
Start importing Assets/endscreen.cs using Guid(737400208b734480aafff73f05295b5f) Importer(815301076,1909f56bfc062723c751e8b465ee728b)  -> (artifact id: '00000000000000000000000000000000') in 0.005809 seconds  code(4) message(Build asset version error: assets/endscreen.cs in SourceAssetDB has modification time of '2021-10-01T17:23:30Z' while content on disk has modification time of '2021-10-01T17:23:44Z')
  ERROR: Build asset version error: assets/endscreen.cs in SourceAssetDB has modification time of '2021-10-01T17:23:30Z' while content on disk has modification time of '2021-10-01T17:23:44Z'
  Import took 0.010612 seconds .

========================================================================
Received Import Request.
  Time since last request: 0.090286 seconds.
  path: Assets/endscreen.cs
  artifactKey: Guid(737400208b734480aafff73f05295b5f) Importer(815301076,1909f56bfc062723c751e8b465ee728b)
Start importing Assets/endscreen.cs using Guid(737400208b734480aafff73f05295b5f) Importer(815301076,1909f56bfc062723c751e8b465ee728b)  -> (artifact id: '00000000000000000000000000000000') in 0.006633 seconds  code(4) message(Build asset version error: assets/endscreen.cs in SourceAssetDB has modification time of '2021-10-01T17:23:30Z' while content on disk has modification time of '2021-10-01T17:23:44Z')
  ERROR: Build asset version error: assets/endscreen.cs in SourceAssetDB has modification time of '2021-10-01T17:23:30Z' while content on disk has modification time of '2021-10-01T17:23:44Z'
  Import took 0.013308 seconds .

========================================================================
Received Import Request.
  Time since last request: 0.283925 seconds.
  path: Assets/endscreen.cs
  artifactKey: Guid(737400208b734480aafff73f05295b5f) Importer(815301076,1909f56bfc062723c751e8b465ee728b)
Start importing Assets/endscreen.cs using Guid(737400208b734480aafff73f05295b5f) Importer(815301076,1909f56bfc062723c751e8b465ee728b)  -> (artifact id: '00000000000000000000000000000000') in 0.010447 seconds  code(4) message(Build asset version error: assets/endscreen.cs in SourceAssetDB has modification time of '2021-10-01T17:23:30Z' while content on disk has modification time of '2021-10-01T17:23:44Z')
  ERROR: Build asset version error: assets/endscreen.cs in SourceAssetDB has modification time of '2021-10-01T17:23:30Z' while content on disk has modification time of '2021-10-01T17:23:44Z'
  Import took 0.018364 seconds .

========================================================================
Received Import Request.
  Time since last request: 0.078347 seconds.
  path: Assets/endscreen.cs
  artifactKey: Guid(737400208b734480aafff73f05295b5f) Importer(815301076,1909f56bfc062723c751e8b465ee728b)
Start importing Assets/endscreen.cs using Guid(737400208b734480aafff73f05295b5f) Importer(815301076,1909f56bfc062723c751e8b465ee728b)  -> (artifact id: '00000000000000000000000000000000') in 0.005589 seconds  code(4) message(Build asset version error: assets/endscreen.cs in SourceAssetDB has modification time of '2021-10-01T17:23:30Z' while content on disk has modification time of '2021-10-01T17:23:44Z')
  ERROR: Build asset version error: assets/endscreen.cs in SourceAssetDB has modification time of '2021-10-01T17:23:30Z' while content on disk has modification time of '2021-10-01T17:23:44Z'
  Import took 0.010169 seconds .

========================================================================
Received Import Request.
  Time since last request: 0.381049 seconds.
  path: Assets/endscreen.cs
  artifactKey: Guid(737400208b734480aafff73f05295b5f) Importer(815301076,1909f56bfc062723c751e8b465ee728b)
Start importing Assets/endscreen.cs using Guid(737400208b734480aafff73f05295b5f) Importer(815301076,1909f56bfc062723c751e8b465ee728b)  -> (artifact id: '00000000000000000000000000000000') in 0.008874 seconds  code(4) message(Build asset version error: assets/endscreen.cs in SourceAssetDB has modification time of '2021-10-01T17:23:30Z' while content on disk has modification time of '2021-10-01T17:23:44Z')
  ERROR: Build asset version error: assets/endscreen.cs in SourceAssetDB has modification time of '2021-10-01T17:23:30Z' while content on disk has modification time of '2021-10-01T17:23:44Z'
  Import took 0.017006 seconds .

========================================================================
Received Import Request.
  Time since last request: 0.082064 seconds.
  path: Assets/endscreen.cs
  artifactKey: Guid(737400208b734480aafff73f05295b5f) Importer(815301076,1909f56bfc062723c751e8b465ee728b)
Start importing Assets/endscreen.cs using Guid(737400208b734480aafff73f05295b5f) Importer(815301076,1909f56bfc062723c751e8b465ee728b)  -> (artifact id: '00000000000000000000000000000000') in 0.007135 seconds  code(4) message(Build asset version error: assets/endscreen.cs in SourceAssetDB has modification time of '2021-10-01T17:23:30Z' while content on disk has modification time of '2021-10-01T17:23:44Z')
  ERROR: Build asset version error: assets/endscreen.cs in SourceAssetDB has modification time of '2021-10-01T17:23:30Z' while content on disk has modification time of '2021-10-01T17:23:44Z'
  Import took 0.011694 seconds .

========================================================================
Received Import Request.
  Time since last request: 0.188115 seconds.
  path: Assets/endscreen.cs
  artifactKey: Guid(737400208b734480aafff73f05295b5f) Importer(815301076,1909f56bfc062723c751e8b465ee728b)
Start importing Assets/endscreen.cs using Guid(737400208b734480aafff73f05295b5f) Importer(815301076,1909f56bfc062723c751e8b465ee728b)  -> (artifact id: '00000000000000000000000000000000') in 0.005590 seconds  code(4) message(Build asset version error: assets/endscreen.cs in SourceAssetDB has modification time of '2021-10-01T17:23:30Z' while content on disk has modification time of '2021-10-01T17:23:44Z')
  ERROR: Build asset version error: assets/endscreen.cs in SourceAssetDB has modification time of '2021-10-01T17:23:30Z' while content on disk has modification time of '2021-10-01T17:23:44Z'
  Import took 0.010125 seconds .

========================================================================
Received Import Request.
  Time since last request: 0.111894 seconds.
  path: Assets/endscreen.cs
  artifactKey: Guid(737400208b734480aafff73f05295b5f) Importer(815301076,1909f56bfc062723c751e8b465ee728b)
Start importing Assets/endscreen.cs using Guid(737400208b734480aafff73f05295b5f) Importer(815301076,1909f56bfc062723c751e8b465ee728b)  -> (artifact id: '00000000000000000000000000000000') in 0.006863 seconds  code(4) message(Build asset version error: assets/endscreen.cs in SourceAssetDB has modification time of '2021-10-01T17:23:30Z' while content on disk has modification time of '2021-10-01T17:23:44Z')
  ERROR: Build asset version error: assets/endscreen.cs in SourceAssetDB has modification time of '2021-10-01T17:23:30Z' while content on disk has modification time of '2021-10-01T17:23:44Z'
  Import took 0.011711 seconds .

========================================================================
Received Import Request.
  Time since last request: 0.361283 seconds.
  path: Assets/endscreen.cs
  artifactKey: Guid(737400208b734480aafff73f05295b5f) Importer(815301076,1909f56bfc062723c751e8b465ee728b)
Start importing Assets/endscreen.cs using Guid(737400208b734480aafff73f05295b5f) Importer(815301076,1909f56bfc062723c751e8b465ee728b)  -> (artifact id: '00000000000000000000000000000000') in 0.004383 seconds  code(4) message(Build asset version error: assets/endscreen.cs in SourceAssetDB has modification time of '2021-10-01T17:23:30Z' while content on disk has modification time of '2021-10-01T17:23:44Z')
  ERROR: Build asset version error: assets/endscreen.cs in SourceAssetDB has modification time of '2021-10-01T17:23:30Z' while content on disk has modification time of '2021-10-01T17:23:44Z'
  Import took 0.008471 seconds .

========================================================================
Received Import Request.
  Time since last request: 0.092540 seconds.
  path: Assets/endscreen.cs
  artifactKey: Guid(737400208b734480aafff73f05295b5f) Importer(815301076,1909f56bfc062723c751e8b465ee728b)
Start importing Assets/endscreen.cs using Guid(737400208b734480aafff73f05295b5f) Importer(815301076,1909f56bfc062723c751e8b465ee728b)  -> (artifact id: '00000000000000000000000000000000') in 0.003934 seconds  code(4) message(Build asset version error: assets/endscreen.cs in SourceAssetDB has modification time of '2021-10-01T17:23:30Z' while content on disk has modification time of '2021-10-01T17:23:44Z')
  ERROR: Build asset version error: assets/endscreen.cs in SourceAssetDB has modification time of '2021-10-01T17:23:30Z' while content on disk has modification time of '2021-10-01T17:23:44Z'
  Import took 0.007481 seconds .

========================================================================
Received Import Request.
  Time since last request: 0.400476 seconds.
  path: Assets/endscreen.cs
  artifactKey: Guid(737400208b734480aafff73f05295b5f) Importer(815301076,1909f56bfc062723c751e8b465ee728b)
Start importing Assets/endscreen.cs using Guid(737400208b734480aafff73f05295b5f) Importer(815301076,1909f56bfc062723c751e8b465ee728b)  -> (artifact id: '00000000000000000000000000000000') in 0.004178 seconds  code(4) message(Build asset version error: assets/endscreen.cs in SourceAssetDB has modification time of '2021-10-01T17:23:30Z' while content on disk has modification time of '2021-10-01T17:23:44Z')
  ERROR: Build asset version error: assets/endscreen.cs in SourceAssetDB has modification time of '2021-10-01T17:23:30Z' while content on disk has modification time of '2021-10-01T17:23:44Z'
  Import took 0.007703 seconds .

========================================================================
Received Import Request.
  Time since last request: 0.089502 seconds.
  path: Assets/endscreen.cs
  artifactKey: Guid(737400208b734480aafff73f05295b5f) Importer(815301076,1909f56bfc062723c751e8b465ee728b)
Start importing Assets/endscreen.cs using Guid(737400208b734480aafff73f05295b5f) Importer(815301076,1909f56bfc062723c751e8b465ee728b)  -> (artifact id: '00000000000000000000000000000000') in 0.009330 seconds  code(4) message(Build asset version error: assets/endscreen.cs in SourceAssetDB has modification time of '2021-10-01T17:23:30Z' while content on disk has modification time of '2021-10-01T17:23:44Z')
  ERROR: Build asset version error: assets/endscreen.cs in SourceAssetDB has modification time of '2021-10-01T17:23:30Z' while content on disk has modification time of '2021-10-01T17:23:44Z'
  Import took 0.015879 seconds .

========================================================================
Received Import Request.
  Time since last request: 0.083566 seconds.
  path: Assets/endscreen.cs
  artifactKey: Guid(737400208b734480aafff73f05295b5f) Importer(815301076,1909f56bfc062723c751e8b465ee728b)
Start importing Assets/endscreen.cs using Guid(737400208b734480aafff73f05295b5f) Importer(815301076,1909f56bfc062723c751e8b465ee728b)  -> (artifact id: '00000000000000000000000000000000') in 0.005699 seconds  code(4) message(Build asset version error: assets/endscreen.cs in SourceAssetDB has modification time of '2021-10-01T17:23:30Z' while content on disk has modification time of '2021-10-01T17:23:44Z')
  ERROR: Build asset version error: assets/endscreen.cs in SourceAssetDB has modification time of '2021-10-01T17:23:30Z' while content on disk has modification time of '2021-10-01T17:23:44Z'
  Import took 0.011720 seconds .

========================================================================
Received Import Request.
  Time since last request: 0.374723 seconds.
  path: Assets/endscreen.cs
  artifactKey: Guid(737400208b734480aafff73f05295b5f) Importer(815301076,1909f56bfc062723c751e8b465ee728b)
Start importing Assets/endscreen.cs using Guid(737400208b734480aafff73f05295b5f) Importer(815301076,1909f56bfc062723c751e8b465ee728b)  -> (artifact id: '00000000000000000000000000000000') in 0.005959 seconds  code(4) message(Build asset version error: assets/endscreen.cs in SourceAssetDB has modification time of '2021-10-01T17:23:30Z' while content on disk has modification time of '2021-10-01T17:23:44Z')
  ERROR: Build asset version error: assets/endscreen.cs in SourceAssetDB has modification time of '2021-10-01T17:23:30Z' while content on disk has modification time of '2021-10-01T17:23:44Z'
  Import took 0.010031 seconds .

========================================================================
Received Prepare
Registering precompiled user dll's ...
Registered in 0.002884 seconds.
Begin MonoManager ReloadAssembly
Native extension for OSXStandalone target not found
Native extension for WebGL target not found
Refreshing native plugins compatible for Editor in 0.41 ms, found 2 plugins.
Preloading 0 native plugins for Editor in 0.00 ms.
Mono: successfully reloaded assembly
- Completed reload, in  1.854 seconds
Domain Reload Profiling:
	ReloadAssembly (1855ms)
		BeginReloadAssembly (221ms)
			ExecutionOrderSort (0ms)
			DisableScriptedObjects (9ms)
			BackupInstance (0ms)
			ReleaseScriptingObjects (0ms)
			CreateAndSetChildDomain (111ms)
		EndReloadAssembly (1515ms)
			LoadAssemblies (130ms)
			RebuildTransferFunctionScriptingTraits (0ms)
			SetupTypeCache (635ms)
			ReleaseScriptCaches (1ms)
			RebuildScriptCaches (78ms)
			SetupLoadedEditorAssemblies (534ms)
				LogAssemblyErrors (0ms)
				InitializePlatformSupportModulesInManaged (8ms)
				SetLoadedEditorAssemblies (1ms)
				RefreshPlugins (0ms)
				BeforeProcessingInitializeOnLoad (99ms)
				ProcessInitializeOnLoadAttributes (418ms)
				ProcessInitializeOnLoadMethodAttributes (6ms)
				AfterProcessingInitializeOnLoad (2ms)
				EditorAssembliesLoaded (0ms)
			ExecutionOrderSort2 (0ms)
			AwakeInstancesAfterBackupRestoration (11ms)
Platform modules already initialized, skipping
Refreshing native plugins compatible for Editor in 0.42 ms, found 2 plugins.
Preloading 0 native plugins for Editor in 0.00 ms.
Unloading 1428 Unused Serialized files (Serialized files now loaded: 0)
System memory in use before: 143.6 MB.
System memory in use after: 143.7 MB.

Unloading 14 unused Assets to reduce memory usage. Loaded Objects now: 1883.
Total: 2.948685 ms (FindLiveObjects: 0.231168 ms CreateObjectMapping: 0.061985 ms MarkObjects: 2.581302 ms  DeleteObjects: 0.073111 ms)

AssetImportParameters requested are different than current active one (requested -> active):
  custom:video-decoder-ogg-theora: a1e56fd34408186e4bbccfd4996cb3dc -> 
  custom:container-muxer-webm: aa71ff27fc2769a1b78a27578f13a17b -> 
  custom:container-demuxer-webm: 4f35f7cbe854078d1ac9338744f61a02 -> 
  custom:container-demuxer-ogg: 62fdf1f143b41e24485cea50d1cbac27 -> 
  custom:video-encoder-webm-vp8: eb34c28f22e8b96e1ab97ce403110664 -> 
  custom:framework-osx-AVFoundation: e770b220cccbd017edd2c1fefb359320 -> 
  custom:video-decoder-webm-vp8: 9c59270c3fd7afecdb556c50c9e8de78 -> 
  custom:audio-decoder-ogg-vorbis: bf7c407c2cedff20999df2af8eb42d56 -> 
  custom:audio-encoder-webm-vorbis: bf7c407c2cedff20999df2af8eb42d56 -> 
========================================================================
Received Import Request.
  Time since last request: 6.516161 seconds.
  path: Assets/endscreen.cs
  artifactKey: Guid(737400208b734480aafff73f05295b5f) Importer(815301076,1909f56bfc062723c751e8b465ee728b)
Start importing Assets/endscreen.cs using Guid(737400208b734480aafff73f05295b5f) Importer(815301076,1909f56bfc062723c751e8b465ee728b)  -> (artifact id: '0aaaa12b8ba137bb0d74056f8f1160a5') in 0.008497 seconds 
  Import took 0.011836 seconds .

========================================================================
Received Import Request.
  Time since last request: 8.785301 seconds.
  path: Assets/endscreen.cs
  artifactKey: Guid(737400208b734480aafff73f05295b5f) Importer(815301076,1909f56bfc062723c751e8b465ee728b)
Start importing Assets/endscreen.cs using Guid(737400208b734480aafff73f05295b5f) Importer(815301076,1909f56bfc062723c751e8b465ee728b)  -> (artifact id: 'a6b6ca5ec1b55810b7c09c608e134bda') in 0.013431 seconds 
  Import took 0.022030 seconds .

========================================================================
Received Prepare
Registering precompiled user dll's ...
Registered in 0.003809 seconds.
Begin MonoManager ReloadAssembly
Native extension for OSXStandalone target not found
Native extension for WebGL target not found
Refreshing native plugins compatible for Editor in 0.51 ms, found 2 plugins.
Preloading 0 native plugins for Editor in 0.00 ms.
Mono: successfully reloaded assembly
- Completed reload, in  2.760 seconds
Domain Reload Profiling:
	ReloadAssembly (2761ms)
		BeginReloadAssembly (323ms)
			ExecutionOrderSort (0ms)
			DisableScriptedObjects (14ms)
			BackupInstance (0ms)
			ReleaseScriptingObjects (0ms)
			CreateAndSetChildDomain (154ms)
		EndReloadAssembly (2241ms)
			LoadAssemblies (225ms)
			RebuildTransferFunctionScriptingTraits (0ms)
			SetupTypeCache (779ms)
			ReleaseScriptCaches (1ms)
			RebuildScriptCaches (135ms)
			SetupLoadedEditorAssemblies (837ms)
				LogAssemblyErrors (0ms)
				InitializePlatformSupportModulesInManaged (15ms)
				SetLoadedEditorAssemblies (1ms)
				RefreshPlugins (1ms)
				BeforeProcessingInitializeOnLoad (167ms)
				ProcessInitializeOnLoadAttributes (637ms)
				ProcessInitializeOnLoadMethodAttributes (13ms)
				AfterProcessingInitializeOnLoad (3ms)
				EditorAssembliesLoaded (1ms)
			ExecutionOrderSort2 (0ms)
			AwakeInstancesAfterBackupRestoration (21ms)
Platform modules already initialized, skipping
Refreshing native plugins compatible for Editor in 0.48 ms, found 2 plugins.
Preloading 0 native plugins for Editor in 0.00 ms.
Unloading 1428 Unused Serialized files (Serialized files now loaded: 0)
System memory in use before: 143.8 MB.
System memory in use after: 143.8 MB.

Unloading 14 unused Assets to reduce memory usage. Loaded Objects now: 1886.
Total: 3.314284 ms (FindLiveObjects: 0.230509 ms CreateObjectMapping: 0.074157 ms MarkObjects: 2.906139 ms  DeleteObjects: 0.101886 ms)

AssetImportParameters requested are different than current active one (requested -> active):
  custom:video-decoder-ogg-theora: a1e56fd34408186e4bbccfd4996cb3dc -> 
  custom:container-muxer-webm: aa71ff27fc2769a1b78a27578f13a17b -> 
  custom:container-demuxer-webm: 4f35f7cbe854078d1ac9338744f61a02 -> 
  custom:container-demuxer-ogg: 62fdf1f143b41e24485cea50d1cbac27 -> 
  custom:video-encoder-webm-vp8: eb34c28f22e8b96e1ab97ce403110664 -> 
  custom:framework-osx-AVFoundation: e770b220cccbd017edd2c1fefb359320 -> 
  custom:video-decoder-webm-vp8: 9c59270c3fd7afecdb556c50c9e8de78 -> 
  custom:audio-decoder-ogg-vorbis: bf7c407c2cedff20999df2af8eb42d56 -> 
  custom:audio-encoder-webm-vorbis: bf7c407c2cedff20999df2af8eb42d56 -> 
========================================================================
Received Prepare
Registering precompiled user dll's ...
Registered in 0.003075 seconds.
Begin MonoManager ReloadAssembly
Native extension for OSXStandalone target not found
Native extension for WebGL target not found
Refreshing native plugins compatible for Editor in 0.47 ms, found 2 plugins.
Preloading 0 native plugins for Editor in 0.00 ms.
Mono: successfully reloaded assembly
- Completed reload, in  1.941 seconds
Domain Reload Profiling:
	ReloadAssembly (1941ms)
		BeginReloadAssembly (235ms)
			ExecutionOrderSort (0ms)
			DisableScriptedObjects (10ms)
			BackupInstance (0ms)
			ReleaseScriptingObjects (0ms)
			CreateAndSetChildDomain (106ms)
		EndReloadAssembly (1498ms)
			LoadAssemblies (154ms)
			RebuildTransferFunctionScriptingTraits (0ms)
			SetupTypeCache (517ms)
			ReleaseScriptCaches (1ms)
			RebuildScriptCaches (80ms)
			SetupLoadedEditorAssemblies (598ms)
				LogAssemblyErrors (0ms)
				InitializePlatformSupportModulesInManaged (10ms)
				SetLoadedEditorAssemblies (1ms)
				RefreshPlugins (1ms)
				BeforeProcessingInitializeOnLoad (98ms)
				ProcessInitializeOnLoadAttributes (479ms)
				ProcessInitializeOnLoadMethodAttributes (6ms)
				AfterProcessingInitializeOnLoad (2ms)
				EditorAssembliesLoaded (1ms)
			ExecutionOrderSort2 (0ms)
			AwakeInstancesAfterBackupRestoration (12ms)
Platform modules already initialized, skipping
Refreshing native plugins compatible for Editor in 0.44 ms, found 2 plugins.
Preloading 0 native plugins for Editor in 0.00 ms.
Unloading 1428 Unused Serialized files (Serialized files now loaded: 0)
System memory in use before: 144.0 MB.
System memory in use after: 144.1 MB.

Unloading 14 unused Assets to reduce memory usage. Loaded Objects now: 1889.
Total: 3.317783 ms (FindLiveObjects: 0.236189 ms CreateObjectMapping: 0.067454 ms MarkObjects: 2.928244 ms  DeleteObjects: 0.084344 ms)

AssetImportParameters requested are different than current active one (requested -> active):
  custom:video-decoder-ogg-theora: a1e56fd34408186e4bbccfd4996cb3dc -> 
  custom:container-muxer-webm: aa71ff27fc2769a1b78a27578f13a17b -> 
  custom:container-demuxer-webm: 4f35f7cbe854078d1ac9338744f61a02 -> 
  custom:container-demuxer-ogg: 62fdf1f143b41e24485cea50d1cbac27 -> 
  custom:video-encoder-webm-vp8: eb34c28f22e8b96e1ab97ce403110664 -> 
  custom:framework-osx-AVFoundation: e770b220cccbd017edd2c1fefb359320 -> 
  custom:video-decoder-webm-vp8: 9c59270c3fd7afecdb556c50c9e8de78 -> 
  custom:audio-decoder-ogg-vorbis: bf7c407c2cedff20999df2af8eb42d56 -> 
  custom:audio-encoder-webm-vorbis: bf7c407c2cedff20999df2af8eb42d56 -> 
